Command line:
   Instruction_Memory_isim_beh.exe
     -simmode  gui
     -simrunnum  0
     -socket  54999

Sat May 21 01:26:39 2022


 Elaboration Time: 0.015625 sec

 Current Memory Usage: 5151.5 Meg

 Total Signals          : 4
 Total Nets             : 257
 Total Signal Drivers   : 4
 Total Blocks           : 3
 Total Primitive Blocks : 3
 Total Processes        : 4
 Total Traceable Variables  : 13
 Total Scalar Nets and Variables : 740
Total Line Count : 4

 Total Simulation Time: 0.03125 sec

 Current Memory Usage: 5151.5 Meg

Sat May 21 01:26:51 2022

