Release 14.7 - xst P.20131013 (nt64)
Copyright (c) 1995-2013 Xilinx, Inc.  All rights reserved.
--> Parameter TMPDIR set to xst/projnav.tmp


Total REAL time to Xst completion: 1.00 secs
Total CPU time to Xst completion: 0.12 secs
 
--> Parameter xsthdpdir set to xst


Total REAL time to Xst completion: 1.00 secs
Total CPU time to Xst completion: 0.12 secs
 
--> Reading design: ALU.prj

TABLE OF CONTENTS
  1) Synthesis Options Summary
  2) HDL Compilation
  3) Design Hierarchy Analysis
  4) HDL Analysis
  5) HDL Synthesis
     5.1) HDL Synthesis Report
  6) Advanced HDL Synthesis
     6.1) Advanced HDL Synthesis Report
  7) Low Level Synthesis
  8) Partition Report
  9) Final Report
	9.1) Device utilization summary
	9.2) Partition Resource Summary
	9.3) TIMING REPORT


=========================================================================
*                      Synthesis Options Summary                        *
=========================================================================
---- Source Parameters
Input File Name                    : "ALU.prj"
Input Format                       : mixed
Ignore Synthesis Constraint File   : NO

---- Target Parameters
Output File Name                   : "ALU"
Output Format                      : NGC
Target Device                      : xc3s400-4-pq208

---- Source Options
Top Module Name                    : ALU
Automatic FSM Extraction           : YES
FSM Encoding Algorithm             : Auto
Safe Implementation                : No
FSM Style                          : LUT
RAM Extraction                     : Yes
RAM Style                          : Auto
ROM Extraction                     : Yes
Mux Style                          : Auto
Decoder Extraction                 : YES
Priority Encoder Extraction        : Yes
Shift Register Extraction          : YES
Logical Shifter Extraction         : YES
XOR Collapsing                     : YES
ROM Style                          : Auto
Mux Extraction                     : Yes
Resource Sharing                   : YES
Asynchronous To Synchronous        : NO
Multiplier Style                   : Auto
Automatic Register Balancing       : No

---- Target Options
Add IO Buffers                     : YES
Global Maximum Fanout              : 500
Add Generic Clock Buffer(BUFG)     : 8
Register Duplication               : YES
Slice Packing                      : YES
Optimize Instantiated Primitives   : NO
Use Clock Enable                   : Yes
Use Synchronous Set                : Yes
Use Synchronous Reset              : Yes
Pack IO Registers into IOBs        : Auto
Equivalent register Removal        : YES

---- General Options
Optimization Goal                  : Speed
Optimization Effort                : 1
Keep Hierarchy                     : No
Netlist Hierarchy                  : As_Optimized
RTL Output                         : Yes
Global Optimization                : AllClockNets
Read Cores                         : YES
Write Timing Constraints           : NO
Cross Clock Analysis               : NO
Hierarchy Separator                : /
Bus Delimiter                      : <>
Case Specifier                     : Maintain
Slice Utilization Ratio            : 100
BRAM Utilization Ratio             : 100
Verilog 2001                       : YES
Auto BRAM Packing                  : NO
Slice Utilization Ratio Delta      : 5

=========================================================================


=========================================================================
*                          HDL Compilation                              *
=========================================================================
Compiling vhdl file "E:/Semester 6/Computer Archt/Lab/Xilinx_ISE_Design_Suite_v14.7/alu/ALU.vhd" in Library work.
Entity <alu> compiled.
Entity <alu> (Architecture <behavioral>) compiled.

=========================================================================
*                     Design Hierarchy Analysis                         *
=========================================================================
Analyzing hierarchy for entity <ALU> in library <work> (architecture <behavioral>).


=========================================================================
*                            HDL Analysis                               *
=========================================================================
Analyzing Entity <ALU> in library <work> (Architecture <behavioral>).
Entity <ALU> analyzed. Unit <ALU> generated.


=========================================================================
*                           HDL Synthesis                               *
=========================================================================

Performing bidirectional port resolution...

Synthesizing Unit <ALU>.
    Related source file is "E:/Semester 6/Computer Archt/Lab/Xilinx_ISE_Design_Suite_v14.7/alu/ALU.vhd".
WARNING:Xst:737 - Found 32-bit latch for signal <res>. Latches may be generated from incomplete case or if statements. We do not recommend the use of latches in FPGA/CPLD designs, as they may lead to timing problems.
    Found 32-bit addsub for signal <mux0000$addsub0000>.
    Found 32-bit comparator less for signal <mux0000$cmp_lt0000> created at line 52.
    Found 32-bit comparator equal for signal <Zero$cmp_eq0000> created at line 63.
    Summary:
	inferred   1 Adder/Subtractor(s).
	inferred   2 Comparator(s).
Unit <ALU> synthesized.

INFO:Xst:1767 - HDL ADVISOR - Resource sharing has identified that some arithmetic operations in this design can share the same physical resources for reduced device utilization. For improved clock frequency you may try to disable resource sharing.

=========================================================================
HDL Synthesis Report

Macro Statistics
# Adders/Subtractors                                   : 1
 32-bit addsub                                         : 1
# Latches                                              : 1
 32-bit latch                                          : 1
# Comparators                                          : 2
 32-bit comparator equal                               : 1
 32-bit comparator less                                : 1

=========================================================================

=========================================================================
*                       Advanced HDL Synthesis                          *
=========================================================================


=========================================================================
Advanced HDL Synthesis Report

Macro Statistics
# Adders/Subtractors                                   : 1
 32-bit addsub                                         : 1
# Latches                                              : 1
 32-bit latch                                          : 1
# Comparators                                          : 2
 32-bit comparator equal                               : 1
 32-bit comparator less                                : 1

=========================================================================

=========================================================================
*                         Low Level Synthesis                           *
=========================================================================

Optimizing unit <ALU> ...

Mapping all equations...
Building and optimizing final netlist ...
Found area constraint ratio of 100 (+ 5) on block ALU, actual ratio is 3.

Final Macro Processing ...

=========================================================================
Final Register Report

Found no macro
=========================================================================

=========================================================================
*                           Partition Report                            *
=========================================================================

Partition Implementation Status
-------------------------------

  No Partitions were found in this design.

-------------------------------

=========================================================================
*                            Final Report                               *
=========================================================================
Final Results
RTL Top Level Output File Name     : ALU.ngr
Top Level Output File Name         : ALU
Output Format                      : NGC
Optimization Goal                  : Speed
Keep Hierarchy                     : No

Design Statistics
# IOs                              : 101

Cell Usage :
# BELS                             : 363
#      GND                         : 1
#      LUT2                        : 96
#      LUT3                        : 4
#      LUT4                        : 149
#      MUXCY                       : 79
#      MUXF5                       : 1
#      VCC                         : 1
#      XORCY                       : 32
# FlipFlops/Latches                : 32
#      LDCP                        : 32
# Clock Buffers                    : 1
#      BUFG                        : 1
# IO Buffers                       : 101
#      IBUF                        : 68
#      OBUF                        : 33
=========================================================================

Device utilization summary:
---------------------------

Selected Device : 3s400pq208-4 

 Number of Slices:                      137  out of   3584     3%  
 Number of 4 input LUTs:                249  out of   7168     3%  
 Number of IOs:                         101
 Number of bonded IOBs:                 101  out of    141    71%  
    IOB Flip Flops:                      32
 Number of GCLKs:                         1  out of      8    12%  

---------------------------
Partition Resource Summary:
---------------------------

  No Partitions were found in this design.

---------------------------


=========================================================================
TIMING REPORT

NOTE: THESE TIMING NUMBERS ARE ONLY A SYNTHESIS ESTIMATE.
      FOR ACCURATE TIMING INFORMATION PLEASE REFER TO THE TRACE REPORT
      GENERATED AFTER PLACE-and-ROUTE.

Clock Information:
------------------
-----------------------------------+------------------------+-------+
Clock Signal                       | Clock buffer(FF name)  | Load  |
-----------------------------------+------------------------+-------+
res_cmp_eq00001(res_cmp_eq00001:O) | BUFG(*)(res_0)         | 32    |
-----------------------------------+------------------------+-------+
(*) This 1 clock signal(s) are generated by combinatorial logic,
and XST is not able to identify which are the primary clock signals.
Please use the CLOCK_SIGNAL constraint to specify the clock signal(s) generated by combinatorial logic.

Asynchronous Control Signals Information:
----------------------------------------
-----------------------------------+------------------------+-------+
Control Signal                     | Buffer(FF name)        | Load  |
-----------------------------------+------------------------+-------+
res_0__and0000(res_0__and00001:O)  | NONE(res_0)            | 1     |
res_0__and0001(res_0__and00011:O)  | NONE(res_0)            | 1     |
res_10__and0000(res_10__and00001:O)| NONE(res_10)           | 1     |
res_10__and0001(res_10__and00011:O)| NONE(res_10)           | 1     |
res_11__and0000(res_11__and00001:O)| NONE(res_11)           | 1     |
res_11__and0001(res_11__and00011:O)| NONE(res_11)           | 1     |
res_12__and0000(res_12__and00001:O)| NONE(res_12)           | 1     |
res_12__and0001(res_12__and00011:O)| NONE(res_12)           | 1     |
res_13__and0000(res_13__and00001:O)| NONE(res_13)           | 1     |
res_13__and0001(res_13__and00011:O)| NONE(res_13)           | 1     |
res_14__and0000(res_14__and00001:O)| NONE(res_14)           | 1     |
res_14__and0001(res_14__and00011:O)| NONE(res_14)           | 1     |
res_15__and0000(res_15__and00001:O)| NONE(res_15)           | 1     |
res_15__and0001(res_15__and00011:O)| NONE(res_15)           | 1     |
res_16__and0000(res_16__and00001:O)| NONE(res_16)           | 1     |
res_16__and0001(res_16__and00011:O)| NONE(res_16)           | 1     |
res_17__and0000(res_17__and00001:O)| NONE(res_17)           | 1     |
res_17__and0001(res_17__and00011:O)| NONE(res_17)           | 1     |
res_18__and0000(res_18__and00001:O)| NONE(res_18)           | 1     |
res_18__and0001(res_18__and00011:O)| NONE(res_18)           | 1     |
res_19__and0000(res_19__and00001:O)| NONE(res_19)           | 1     |
res_19__and0001(res_19__and00011:O)| NONE(res_19)           | 1     |
res_1__and0000(res_1__and00001:O)  | NONE(res_1)            | 1     |
res_1__and0001(res_1__and00011:O)  | NONE(res_1)            | 1     |
res_20__and0000(res_20__and00001:O)| NONE(res_20)           | 1     |
res_20__and0001(res_20__and00011:O)| NONE(res_20)           | 1     |
res_21__and0000(res_21__and00001:O)| NONE(res_21)           | 1     |
res_21__and0001(res_21__and00011:O)| NONE(res_21)           | 1     |
res_22__and0000(res_22__and00001:O)| NONE(res_22)           | 1     |
res_22__and0001(res_22__and00011:O)| NONE(res_22)           | 1     |
res_23__and0000(res_23__and00001:O)| NONE(res_23)           | 1     |
res_23__and0001(res_23__and00011:O)| NONE(res_23)           | 1     |
res_24__and0000(res_24__and00001:O)| NONE(res_24)           | 1     |
res_24__and0001(res_24__and00011:O)| NONE(res_24)           | 1     |
res_25__and0000(res_25__and00001:O)| NONE(res_25)           | 1     |
res_25__and0001(res_25__and00011:O)| NONE(res_25)           | 1     |
res_26__and0000(res_26__and00001:O)| NONE(res_26)           | 1     |
res_26__and0001(res_26__and00011:O)| NONE(res_26)           | 1     |
res_27__and0000(res_27__and00001:O)| NONE(res_27)           | 1     |
res_27__and0001(res_27__and00011:O)| NONE(res_27)           | 1     |
res_28__and0000(res_28__and00001:O)| NONE(res_28)           | 1     |
res_28__and0001(res_28__and00011:O)| NONE(res_28)           | 1     |
res_29__and0000(res_29__and00001:O)| NONE(res_29)           | 1     |
res_29__and0001(res_29__and00011:O)| NONE(res_29)           | 1     |
res_2__and0000(res_2__and00001:O)  | NONE(res_2)            | 1     |
res_2__and0001(res_2__and00011:O)  | NONE(res_2)            | 1     |
res_30__and0000(res_30__and00001:O)| NONE(res_30)           | 1     |
res_30__and0001(res_30__and00011:O)| NONE(res_30)           | 1     |
res_31__and0000(res_31__and00001:O)| NONE(res_31)           | 1     |
res_31__and0001(res_31__and00011:O)| NONE(res_31)           | 1     |
res_3__and0000(res_3__and00001:O)  | NONE(res_3)            | 1     |
res_3__and0001(res_3__and00011:O)  | NONE(res_3)            | 1     |
res_4__and0000(res_4__and00001:O)  | NONE(res_4)            | 1     |
res_4__and0001(res_4__and00011:O)  | NONE(res_4)            | 1     |
res_5__and0000(res_5__and00001:O)  | NONE(res_5)            | 1     |
res_5__and0001(res_5__and00011:O)  | NONE(res_5)            | 1     |
res_6__and0000(res_6__and00001:O)  | NONE(res_6)            | 1     |
res_6__and0001(res_6__and00011:O)  | NONE(res_6)            | 1     |
res_7__and0000(res_7__and00001:O)  | NONE(res_7)            | 1     |
res_7__and0001(res_7__and00011:O)  | NONE(res_7)            | 1     |
res_8__and0000(res_8__and00001:O)  | NONE(res_8)            | 1     |
res_8__and0001(res_8__and00011:O)  | NONE(res_8)            | 1     |
res_9__and0000(res_9__and00001:O)  | NONE(res_9)            | 1     |
res_9__and0001(res_9__and00011:O)  | NONE(res_9)            | 1     |
-----------------------------------+------------------------+-------+

Timing Summary:
---------------
Speed Grade: -4

   Minimum period: No path found
   Minimum input arrival time before clock: 10.518ns
   Maximum output required time after clock: 7.078ns
   Maximum combinational path delay: 10.776ns

Timing Detail:
--------------
All values displayed in nanoseconds (ns)

=========================================================================
Timing constraint: Default OFFSET IN BEFORE for Clock 'res_cmp_eq00001'
  Total number of paths / destination ports: 4620 / 32
-------------------------------------------------------------------------
Offset:              10.518ns (Levels of Logic = 36)
  Source:            AluOperation<1> (PAD)
  Destination:       res_31 (LATCH)
  Destination Clock: res_cmp_eq00001 falling

  Data Path: AluOperation<1> to res_31
                                Gate     Net
    Cell:in->out      fanout   Delay   Delay  Logical Name (Net Name)
    ----------------------------------------  ------------
     IBUF:I->O             8   0.821   1.422  AluOperation_1_IBUF (AluOperation_1_IBUF)
     LUT3:I0->O           63   0.551   2.099  res_cmp_eq000111 (N36)
     LUT4:I2->O            1   0.551   0.000  Maddsub_mux0000_addsub0000_lut<0> (Maddsub_mux0000_addsub0000_lut<0>)
     MUXCY:S->O            1   0.500   0.000  Maddsub_mux0000_addsub0000_cy<0> (Maddsub_mux0000_addsub0000_cy<0>)
     MUXCY:CI->O           1   0.064   0.000  Maddsub_mux0000_addsub0000_cy<1> (Maddsub_mux0000_addsub0000_cy<1>)
     MUXCY:CI->O           1   0.064   0.000  Maddsub_mux0000_addsub0000_cy<2> (Maddsub_mux0000_addsub0000_cy<2>)
     MUXCY:CI->O           1   0.064   0.000  Maddsub_mux0000_addsub0000_cy<3> (Maddsub_mux0000_addsub0000_cy<3>)
     MUXCY:CI->O           1   0.064   0.000  Maddsub_mux0000_addsub0000_cy<4> (Maddsub_mux0000_addsub0000_cy<4>)
     MUXCY:CI->O           1   0.064   0.000  Maddsub_mux0000_addsub0000_cy<5> (Maddsub_mux0000_addsub0000_cy<5>)
     MUXCY:CI->O           1   0.064   0.000  Maddsub_mux0000_addsub0000_cy<6> (Maddsub_mux0000_addsub0000_cy<6>)
     MUXCY:CI->O           1   0.064   0.000  Maddsub_mux0000_addsub0000_cy<7> (Maddsub_mux0000_addsub0000_cy<7>)
     MUXCY:CI->O           1   0.064   0.000  Maddsub_mux0000_addsub0000_cy<8> (Maddsub_mux0000_addsub0000_cy<8>)
     MUXCY:CI->O           1   0.064   0.000  Maddsub_mux0000_addsub0000_cy<9> (Maddsub_mux0000_addsub0000_cy<9>)
     MUXCY:CI->O           1   0.064   0.000  Maddsub_mux0000_addsub0000_cy<10> (Maddsub_mux0000_addsub0000_cy<10>)
     MUXCY:CI->O           1   0.064   0.000  Maddsub_mux0000_addsub0000_cy<11> (Maddsub_mux0000_addsub0000_cy<11>)
     MUXCY:CI->O           1   0.064   0.000  Maddsub_mux0000_addsub0000_cy<12> (Maddsub_mux0000_addsub0000_cy<12>)
     MUXCY:CI->O           1   0.064   0.000  Maddsub_mux0000_addsub0000_cy<13> (Maddsub_mux0000_addsub0000_cy<13>)
     MUXCY:CI->O           1   0.064   0.000  Maddsub_mux0000_addsub0000_cy<14> (Maddsub_mux0000_addsub0000_cy<14>)
     MUXCY:CI->O           1   0.064   0.000  Maddsub_mux0000_addsub0000_cy<15> (Maddsub_mux0000_addsub0000_cy<15>)
     MUXCY:CI->O           1   0.064   0.000  Maddsub_mux0000_addsub0000_cy<16> (Maddsub_mux0000_addsub0000_cy<16>)
     MUXCY:CI->O           1   0.064   0.000  Maddsub_mux0000_addsub0000_cy<17> (Maddsub_mux0000_addsub0000_cy<17>)
     MUXCY:CI->O           1   0.064   0.000  Maddsub_mux0000_addsub0000_cy<18> (Maddsub_mux0000_addsub0000_cy<18>)
     MUXCY:CI->O           1   0.064   0.000  Maddsub_mux0000_addsub0000_cy<19> (Maddsub_mux0000_addsub0000_cy<19>)
     MUXCY:CI->O           1   0.064   0.000  Maddsub_mux0000_addsub0000_cy<20> (Maddsub_mux0000_addsub0000_cy<20>)
     MUXCY:CI->O           1   0.064   0.000  Maddsub_mux0000_addsub0000_cy<21> (Maddsub_mux0000_addsub0000_cy<21>)
     MUXCY:CI->O           1   0.064   0.000  Maddsub_mux0000_addsub0000_cy<22> (Maddsub_mux0000_addsub0000_cy<22>)
     MUXCY:CI->O           1   0.064   0.000  Maddsub_mux0000_addsub0000_cy<23> (Maddsub_mux0000_addsub0000_cy<23>)
     MUXCY:CI->O           1   0.064   0.000  Maddsub_mux0000_addsub0000_cy<24> (Maddsub_mux0000_addsub0000_cy<24>)
     MUXCY:CI->O           1   0.064   0.000  Maddsub_mux0000_addsub0000_cy<25> (Maddsub_mux0000_addsub0000_cy<25>)
     MUXCY:CI->O           1   0.064   0.000  Maddsub_mux0000_addsub0000_cy<26> (Maddsub_mux0000_addsub0000_cy<26>)
     MUXCY:CI->O           1   0.064   0.000  Maddsub_mux0000_addsub0000_cy<27> (Maddsub_mux0000_addsub0000_cy<27>)
     MUXCY:CI->O           1   0.064   0.000  Maddsub_mux0000_addsub0000_cy<28> (Maddsub_mux0000_addsub0000_cy<28>)
     MUXCY:CI->O           1   0.064   0.000  Maddsub_mux0000_addsub0000_cy<29> (Maddsub_mux0000_addsub0000_cy<29>)
     MUXCY:CI->O           0   0.064   0.000  Maddsub_mux0000_addsub0000_cy<30> (Maddsub_mux0000_addsub0000_cy<30>)
     XORCY:CI->O           1   0.904   0.996  Maddsub_mux0000_addsub0000_xor<31> (mux0000_addsub0000<31>)
     LUT4:I1->O            3   0.551   0.000  res_mux0006<31>35 (res_mux0006<31>)
     LDCP:D                    0.203          res_31
    ----------------------------------------
    Total                     10.518ns (6.001ns logic, 4.517ns route)
                                       (57.1% logic, 42.9% route)

=========================================================================
Timing constraint: Default OFFSET OUT AFTER for Clock 'res_cmp_eq00001'
  Total number of paths / destination ports: 32 / 32
-------------------------------------------------------------------------
Offset:              7.078ns (Levels of Logic = 1)
  Source:            res_31 (LATCH)
  Destination:       res<31> (PAD)
  Source Clock:      res_cmp_eq00001 falling

  Data Path: res_31 to res<31>
                                Gate     Net
    Cell:in->out      fanout   Delay   Delay  Logical Name (Net Name)
    ----------------------------------------  ------------
     LDCP:G->Q             1   0.633   0.801  res_31 (res_31)
     OBUF:I->O                 5.644          res_31_OBUF (res<31>)
    ----------------------------------------
    Total                      7.078ns (6.277ns logic, 0.801ns route)
                                       (88.7% logic, 11.3% route)

=========================================================================
Timing constraint: Default path analysis
  Total number of paths / destination ports: 64 / 1
-------------------------------------------------------------------------
Delay:               10.776ns (Levels of Logic = 19)
  Source:            A<0> (PAD)
  Destination:       Zero (PAD)

  Data Path: A<0> to Zero
                                Gate     Net
    Cell:in->out      fanout   Delay   Delay  Logical Name (Net Name)
    ----------------------------------------  ------------
     IBUF:I->O             5   0.821   1.260  A_0_IBUF (A_0_IBUF)
     LUT4:I0->O            1   0.551   0.000  Mcompar_Zero_cmp_eq0000_lut<0> (Mcompar_Zero_cmp_eq0000_lut<0>)
     MUXCY:S->O            1   0.500   0.000  Mcompar_Zero_cmp_eq0000_cy<0> (Mcompar_Zero_cmp_eq0000_cy<0>)
     MUXCY:CI->O           1   0.064   0.000  Mcompar_Zero_cmp_eq0000_cy<1> (Mcompar_Zero_cmp_eq0000_cy<1>)
     MUXCY:CI->O           1   0.064   0.000  Mcompar_Zero_cmp_eq0000_cy<2> (Mcompar_Zero_cmp_eq0000_cy<2>)
     MUXCY:CI->O           1   0.064   0.000  Mcompar_Zero_cmp_eq0000_cy<3> (Mcompar_Zero_cmp_eq0000_cy<3>)
     MUXCY:CI->O           1   0.064   0.000  Mcompar_Zero_cmp_eq0000_cy<4> (Mcompar_Zero_cmp_eq0000_cy<4>)
     MUXCY:CI->O           1   0.064   0.000  Mcompar_Zero_cmp_eq0000_cy<5> (Mcompar_Zero_cmp_eq0000_cy<5>)
     MUXCY:CI->O           1   0.064   0.000  Mcompar_Zero_cmp_eq0000_cy<6> (Mcompar_Zero_cmp_eq0000_cy<6>)
     MUXCY:CI->O           1   0.064   0.000  Mcompar_Zero_cmp_eq0000_cy<7> (Mcompar_Zero_cmp_eq0000_cy<7>)
     MUXCY:CI->O           1   0.064   0.000  Mcompar_Zero_cmp_eq0000_cy<8> (Mcompar_Zero_cmp_eq0000_cy<8>)
     MUXCY:CI->O           1   0.064   0.000  Mcompar_Zero_cmp_eq0000_cy<9> (Mcompar_Zero_cmp_eq0000_cy<9>)
     MUXCY:CI->O           1   0.064   0.000  Mcompar_Zero_cmp_eq0000_cy<10> (Mcompar_Zero_cmp_eq0000_cy<10>)
     MUXCY:CI->O           1   0.064   0.000  Mcompar_Zero_cmp_eq0000_cy<11> (Mcompar_Zero_cmp_eq0000_cy<11>)
     MUXCY:CI->O           1   0.064   0.000  Mcompar_Zero_cmp_eq0000_cy<12> (Mcompar_Zero_cmp_eq0000_cy<12>)
     MUXCY:CI->O           1   0.064   0.000  Mcompar_Zero_cmp_eq0000_cy<13> (Mcompar_Zero_cmp_eq0000_cy<13>)
     MUXCY:CI->O           1   0.064   0.000  Mcompar_Zero_cmp_eq0000_cy<14> (Mcompar_Zero_cmp_eq0000_cy<14>)
     MUXCY:CI->O           1   0.303   0.801  Mcompar_Zero_cmp_eq0000_cy<15> (Zero_OBUF)
     OBUF:I->O                 5.644          Zero_OBUF (Zero)
    ----------------------------------------
    Total                     10.776ns (8.715ns logic, 2.061ns route)
                                       (80.9% logic, 19.1% route)

=========================================================================


Total REAL time to Xst completion: 6.00 secs
Total CPU time to Xst completion: 5.75 secs
 
--> 

Total memory usage is 4506292 kilobytes

Number of errors   :    0 (   0 filtered)
Number of warnings :    1 (   0 filtered)
Number of infos    :    1 (   0 filtered)

