Release 14.7 - xst P.20131013 (nt64)
Copyright (c) 1995-2013 Xilinx, Inc.  All rights reserved.
--> Parameter TMPDIR set to xst/projnav.tmp


Total REAL time to Xst completion: 0.00 secs
Total CPU time to Xst completion: 0.08 secs
 
--> Parameter xsthdpdir set to xst


Total REAL time to Xst completion: 0.00 secs
Total CPU time to Xst completion: 0.08 secs
 
--> Reading design: Instruction_Memory.prj

TABLE OF CONTENTS
  1) Synthesis Options Summary
  2) HDL Compilation
  3) Design Hierarchy Analysis
  4) HDL Analysis
  5) HDL Synthesis
     5.1) HDL Synthesis Report
  6) Advanced HDL Synthesis
     6.1) Advanced HDL Synthesis Report
  7) Low Level Synthesis
  8) Partition Report
  9) Final Report
	9.1) Device utilization summary
	9.2) Partition Resource Summary
	9.3) TIMING REPORT


=========================================================================
*                      Synthesis Options Summary                        *
=========================================================================
---- Source Parameters
Input File Name                    : "Instruction_Memory.prj"
Input Format                       : mixed
Ignore Synthesis Constraint File   : NO

---- Target Parameters
Output File Name                   : "Instruction_Memory"
Output Format                      : NGC
Target Device                      : xc3s400-4-pq208

---- Source Options
Top Module Name                    : Instruction_Memory
Automatic FSM Extraction           : YES
FSM Encoding Algorithm             : Auto
Safe Implementation                : No
FSM Style                          : LUT
RAM Extraction                     : Yes
RAM Style                          : Auto
ROM Extraction                     : Yes
Mux Style                          : Auto
Decoder Extraction                 : YES
Priority Encoder Extraction        : Yes
Shift Register Extraction          : YES
Logical Shifter Extraction         : YES
XOR Collapsing                     : YES
ROM Style                          : Auto
Mux Extraction                     : Yes
Resource Sharing                   : YES
Asynchronous To Synchronous        : NO
Multiplier Style                   : Auto
Automatic Register Balancing       : No

---- Target Options
Add IO Buffers                     : YES
Global Maximum Fanout              : 100000
Add Generic Clock Buffer(BUFG)     : 8
Register Duplication               : YES
Slice Packing                      : YES
Optimize Instantiated Primitives   : NO
Use Clock Enable                   : Yes
Use Synchronous Set                : Yes
Use Synchronous Reset              : Yes
Pack IO Registers into IOBs        : Auto
Equivalent register Removal        : YES

---- General Options
Optimization Goal                  : Speed
Optimization Effort                : 1
Keep Hierarchy                     : No
Netlist Hierarchy                  : As_Optimized
RTL Output                         : Yes
Global Optimization                : AllClockNets
Read Cores                         : YES
Write Timing Constraints           : NO
Cross Clock Analysis               : NO
Hierarchy Separator                : /
Bus Delimiter                      : <>
Case Specifier                     : Maintain
Slice Utilization Ratio            : 100
BRAM Utilization Ratio             : 100
Verilog 2001                       : YES
Auto BRAM Packing                  : NO
Slice Utilization Ratio Delta      : 5

=========================================================================


=========================================================================
*                          HDL Compilation                              *
=========================================================================
Compiling vhdl file "E:/Semester 6/Computer Archt/Lab/Xilinx_ISE_Design_Suite_v14.7/lab_6/alu/Instruction_Memory.vhd" in Library work.
Entity <instruction_memory> compiled.
Entity <instruction_memory> (Architecture <behavioral>) compiled.

=========================================================================
*                     Design Hierarchy Analysis                         *
=========================================================================
Analyzing hierarchy for entity <Instruction_Memory> in library <work> (architecture <behavioral>).


=========================================================================
*                            HDL Analysis                               *
=========================================================================
Analyzing Entity <Instruction_Memory> in library <work> (Architecture <behavioral>).
WARNING:Xst:790 - "E:/Semester 6/Computer Archt/Lab/Xilinx_ISE_Design_Suite_v14.7/lab_6/alu/Instruction_Memory.vhd" line 62: Index value(s) does not match array range, simulation mismatch.
INFO:Xst:1607 - Contents of array <memory> may be accessed with an index that does not cover the full array size.
WARNING:Xst:790 - "E:/Semester 6/Computer Archt/Lab/Xilinx_ISE_Design_Suite_v14.7/lab_6/alu/Instruction_Memory.vhd" line 63: Index value(s) does not match array range, simulation mismatch.
INFO:Xst:1607 - Contents of array <memory> may be accessed with an index that does not cover the full array size.
WARNING:Xst:790 - "E:/Semester 6/Computer Archt/Lab/Xilinx_ISE_Design_Suite_v14.7/lab_6/alu/Instruction_Memory.vhd" line 64: Index value(s) does not match array range, simulation mismatch.
INFO:Xst:1607 - Contents of array <memory> may be accessed with an index that does not cover the full array size.
WARNING:Xst:790 - "E:/Semester 6/Computer Archt/Lab/Xilinx_ISE_Design_Suite_v14.7/lab_6/alu/Instruction_Memory.vhd" line 65: Index value(s) does not match array range, simulation mismatch.
INFO:Xst:1607 - Contents of array <memory> may be accessed with an index that does not cover the full array size.
Entity <Instruction_Memory> analyzed. Unit <Instruction_Memory> generated.


=========================================================================
*                           HDL Synthesis                               *
=========================================================================

Performing bidirectional port resolution...

Synthesizing Unit <Instruction_Memory>.
    Related source file is "E:/Semester 6/Computer Archt/Lab/Xilinx_ISE_Design_Suite_v14.7/lab_6/alu/Instruction_Memory.vhd".
WARNING:Xst:1781 - Signal <memory> is used but never assigned. Tied to default value.
    Found 52x8-bit ROM for signal <instruction_15_8$varindex0000> created at line 64.
    Found 52x8-bit ROM for signal <instruction_23_16$varindex0000> created at line 63.
    Found 52x8-bit ROM for signal <instruction_31_24$varindex0000> created at line 62.
    Found 52x8-bit ROM for signal <instruction_7_0$varindex0000> created at line 65.
    Found 32-bit register for signal <instruction>.
    Found 32-bit adder for signal <memory$add0000> created at line 63.
    Found 32-bit adder for signal <memory$add0001> created at line 64.
    Found 32-bit adder for signal <memory$add0002> created at line 65.
    Summary:
	inferred   4 ROM(s).
	inferred  32 D-type flip-flop(s).
	inferred   3 Adder/Subtractor(s).
Unit <Instruction_Memory> synthesized.


=========================================================================
HDL Synthesis Report

Macro Statistics
# ROMs                                                 : 4
 52x8-bit ROM                                          : 4
# Adders/Subtractors                                   : 3
 32-bit adder                                          : 3
# Registers                                            : 32
 1-bit register                                        : 32

=========================================================================

=========================================================================
*                       Advanced HDL Synthesis                          *
=========================================================================


=========================================================================
Advanced HDL Synthesis Report

Macro Statistics
# ROMs                                                 : 4
 52x8-bit ROM                                          : 4
# Adders/Subtractors                                   : 3
 6-bit adder                                           : 3
# Registers                                            : 32
 Flip-Flops                                            : 32

=========================================================================

=========================================================================
*                         Low Level Synthesis                           *
=========================================================================

Optimizing unit <Instruction_Memory> ...

Mapping all equations...
Building and optimizing final netlist ...
Found area constraint ratio of 100 (+ 5) on block Instruction_Memory, actual ratio is 1.

Final Macro Processing ...

=========================================================================
Final Register Report

Macro Statistics
# Registers                                            : 32
 Flip-Flops                                            : 32

=========================================================================

=========================================================================
*                           Partition Report                            *
=========================================================================

Partition Implementation Status
-------------------------------

  No Partitions were found in this design.

-------------------------------

=========================================================================
*                            Final Report                               *
=========================================================================
Final Results
RTL Top Level Output File Name     : Instruction_Memory.ngr
Top Level Output File Name         : Instruction_Memory
Output Format                      : NGC
Optimization Goal                  : Speed
Keep Hierarchy                     : No

Design Statistics
# IOs                              : 65

Cell Usage :
# BELS                             : 188
#      INV                         : 1
#      LUT2                        : 4
#      LUT3                        : 8
#      LUT4                        : 108
#      MUXF5                       : 39
#      MUXF6                       : 28
# FlipFlops/Latches                : 32
#      FD                          : 32
# Clock Buffers                    : 1
#      BUFGP                       : 1
# IO Buffers                       : 38
#      IBUF                        : 6
#      OBUF                        : 32
=========================================================================

Device utilization summary:
---------------------------

Selected Device : 3s400pq208-4 

 Number of Slices:                       67  out of   3584     1%  
 Number of 4 input LUTs:                121  out of   7168     1%  
 Number of IOs:                          65
 Number of bonded IOBs:                  39  out of    141    27%  
    IOB Flip Flops:                      32
 Number of GCLKs:                         1  out of      8    12%  

---------------------------
Partition Resource Summary:
---------------------------

  No Partitions were found in this design.

---------------------------


=========================================================================
TIMING REPORT

NOTE: THESE TIMING NUMBERS ARE ONLY A SYNTHESIS ESTIMATE.
      FOR ACCURATE TIMING INFORMATION PLEASE REFER TO THE TRACE REPORT
      GENERATED AFTER PLACE-and-ROUTE.

Clock Information:
------------------
-----------------------------------+------------------------+-------+
Clock Signal                       | Clock buffer(FF name)  | Load  |
-----------------------------------+------------------------+-------+
CLK                                | BUFGP                  | 32    |
-----------------------------------+------------------------+-------+

Asynchronous Control Signals Information:
----------------------------------------
No asynchronous control signals found in this design

Timing Summary:
---------------
Speed Grade: -4

   Minimum period: No path found
   Minimum input arrival time before clock: 8.560ns
   Maximum output required time after clock: 7.165ns
   Maximum combinational path delay: No path found

Timing Detail:
--------------
All values displayed in nanoseconds (ns)

=========================================================================
Timing constraint: Default OFFSET IN BEFORE for Clock 'CLK'
  Total number of paths / destination ports: 945 / 32
-------------------------------------------------------------------------
Offset:              8.560ns (Levels of Logic = 6)
  Source:            pc<3> (PAD)
  Destination:       instruction_22 (FF)
  Destination Clock: CLK rising

  Data Path: pc<3> to instruction_22
                                Gate     Net
    Cell:in->out      fanout   Delay   Delay  Logical Name (Net Name)
    ----------------------------------------  ------------
     IBUF:I->O            78   0.821   2.456  pc_3_IBUF (Madd_memory_add0000_Madd_lut<3>)
     LUT4:I0->O            6   0.551   1.198  Madd_memory_add0000_Madd_cy<3>11 (Madd_memory_add0000_Madd_cy<3>)
     LUT2:I1->O           15   0.551   1.527  Madd_memory_add0000_Madd_xor<4>11 (memory_add0000<4>)
     LUT4:I0->O            1   0.551   0.000  Mrom_instruction_23_16_varindex000081 (Mrom_instruction_23_16_varindex000081)
     MUXF5:I0->O           1   0.360   0.000  Mrom_instruction_23_16_varindex00008_f5 (Mrom_instruction_23_16_varindex00008_f5)
     MUXF6:I1->O           1   0.342   0.000  Mrom_instruction_23_16_varindex00008_f6 (Mrom_instruction_23_16_varindex00008_f6)
     FD:D                      0.203          instruction_22
    ----------------------------------------
    Total                      8.560ns (3.379ns logic, 5.181ns route)
                                       (39.5% logic, 60.5% route)

=========================================================================
Timing constraint: Default OFFSET OUT AFTER for Clock 'CLK'
  Total number of paths / destination ports: 32 / 32
-------------------------------------------------------------------------
Offset:              7.165ns (Levels of Logic = 1)
  Source:            instruction_31 (FF)
  Destination:       instruction<31> (PAD)
  Source Clock:      CLK rising

  Data Path: instruction_31 to instruction<31>
                                Gate     Net
    Cell:in->out      fanout   Delay   Delay  Logical Name (Net Name)
    ----------------------------------------  ------------
     FD:C->Q               1   0.720   0.801  instruction_31 (instruction_31)
     OBUF:I->O                 5.644          instruction_31_OBUF (instruction<31>)
    ----------------------------------------
    Total                      7.165ns (6.364ns logic, 0.801ns route)
                                       (88.8% logic, 11.2% route)

=========================================================================


Total REAL time to Xst completion: 4.00 secs
Total CPU time to Xst completion: 3.43 secs
 
--> 

Total memory usage is 4502572 kilobytes

Number of errors   :    0 (   0 filtered)
Number of warnings :    5 (   0 filtered)
Number of infos    :    4 (   0 filtered)

